<?xml version="1.0" encoding="UTF-8" standalone="no"?>
<testsuite failures="0" name="cucumber.runtime.formatter.JUnitFormatter" skipped="0" tests="1" time="44.647007">
    <testcase classname="Create Deal feature" name="Free CRM Create a Deal scenario" time="44.647007">
        <system-out>
            <![CDATA[Given user is  on the FreeCRM Login Page....................................passed
When the title of the page is  FreeCRM......................................passed
Then user  enters username  and password....................................passed
Then user clicks on submit button...........................................passed
Then user is on the HomePage................................................passed
Then user moves to New Deal Page............................................passed
Then user enters deal details...............................................passed
Then close the browser......................................................passed
]]>
        </system-out>
    </testcase>
</testsuite>
